yingshi-android/app/build/outputs/logs/manifest-merger-debug-report.txt
-- Merging decision tree log ---
category#com.yingshixiezuovip.yingshi
INJECTED from src/main/AndroidManifest.xml:266:17-61
	android:name
		INJECTED from src/main/AndroidManifest.xml
		ADDED from src/main/AndroidManifest.xml:266:27-58
manifest
ADDED from src/main/AndroidManifest.xml:2:1-304:12
INJECTED from src/main/AndroidManifest.xml:2:1-304:12
INJECTED from src/main/AndroidManifest.xml:2:1-304:12
INJECTED from src/main/AndroidManifest.xml:2:1-304:12
MERGED from [:easeui] AndroidManifest.xml:2:1-9:12
MERGED from [com.android.support:appcompat-v7:24.2.1] AndroidManifest.xml:17:1-27:12
MERGED from [com.android.support:recyclerview-v7:23.4.0] AndroidManifest.xml:17:1-22:12
MERGED from [com.android.support:support-v4:24.2.1] AndroidManifest.xml:17:1-27:12
MERGED from [com.edmodo:cropper:1.0.1] AndroidManifest.xml:2:1-11:12
MERGED from [cn.jiguang.sdk:jpush:3.1.6] AndroidManifest.xml:2:1-134:12
MERGED from [cn.jiguang.sdk:jcore:1.2.5] AndroidManifest.xml:2:1-14:12
MERGED from [com.android.support:animated-vector-drawable:24.2.1] AndroidManifest.xml:17:1-24:12
MERGED from [com.android.support:support-vector-drawable:24.2.1] AndroidManifest.xml:17:1-25:12
MERGED from [com.android.support:support-fragment:24.2.1] AndroidManifest.xml:17:1-27:12
MERGED from [com.android.support:support-media-compat:24.2.1] AndroidManifest.xml:17:1-27:12
MERGED from [com.android.support:support-core-utils:24.2.1] AndroidManifest.xml:17:1-27:12
MERGED from [com.android.support:support-core-ui:24.2.1] AndroidManifest.xml:17:1-27:12
MERGED from [com.android.support:support-compat:24.2.1] AndroidManifest.xml:17:1-27:12
INJECTED from src/main/AndroidManifest.xml:2:1-304:12
INJECTED from src/main/AndroidManifest.xml:2:1-304:12
INJECTED from src/main/AndroidManifest.xml:2:1-304:12
	package
		ADDED from src/main/AndroidManifest.xml:4:5-43
		INJECTED from src/main/AndroidManifest.xml
		INJECTED from src/main/AndroidManifest.xml
	android:versionName
		INJECTED from src/main/AndroidManifest.xml
		ADDED from src/main/AndroidManifest.xml:2:1-304:12
		INJECTED from src/main/AndroidManifest.xml
	xmlns:tools
		ADDED from src/main/AndroidManifest.xml:3:5-51
	android:versionCode
		INJECTED from src/main/AndroidManifest.xml
		ADDED from src/main/AndroidManifest.xml:2:1-304:12
		INJECTED from src/main/AndroidManifest.xml
	xmlns:android
		ADDED from src/main/AndroidManifest.xml:2:11-69
uses-permission#android.permission.INTERNET
ADDED from src/main/AndroidManifest.xml:6:5-67
MERGED from [cn.jiguang.sdk:jpush:3.1.6] AndroidManifest.xml:18:5-67
MERGED from [cn.jiguang.sdk:jpush:3.1.6] AndroidManifest.xml:18:5-67
	android:name
		ADDED from src/main/AndroidManifest.xml:6:22-64
uses-permission#android.permission.WRITE_EXTERNAL_STORAGE
ADDED from src/main/AndroidManifest.xml:7:5-81
MERGED from [cn.jiguang.sdk:jpush:3.1.6] AndroidManifest.xml:21:5-81
MERGED from [cn.jiguang.sdk:jpush:3.1.6] AndroidManifest.xml:21:5-81
	android:name
		ADDED from src/main/AndroidManifest.xml:7:22-78
uses-permission#android.permission.READ_EXTERNAL_STORAGE
ADDED from src/main/AndroidManifest.xml:8:5-80
MERGED from [cn.jiguang.sdk:jpush:3.1.6] AndroidManifest.xml:22:5-80
MERGED from [cn.jiguang.sdk:jpush:3.1.6] AndroidManifest.xml:22:5-80
	android:name
		ADDED from src/main/AndroidManifest.xml:8:22-77
uses-permission#android.permission.ACCESS_NETWORK_STATE
ADDED from src/main/AndroidManifest.xml:9:5-79
MERGED from [cn.jiguang.sdk:jpush:3.1.6] AndroidManifest.xml:26:5-79
MERGED from [cn.jiguang.sdk:jpush:3.1.6] AndroidManifest.xml:26:5-79
	android:name
		ADDED from src/main/AndroidManifest.xml:9:22-76
uses-permission#android.permission.CALL_PHONE
ADDED from src/main/AndroidManifest.xml:10:5-69
	android:name
		ADDED from src/main/AndroidManifest.xml:10:22-66
uses-permission#android.permission.CAMERA
ADDED from src/main/AndroidManifest.xml:11:5-65
	android:name
		ADDED from src/main/AndroidManifest.xml:11:22-62
uses-permission#android.permission.WAKE_LOCK
ADDED from src/main/AndroidManifest.xml:12:5-68
MERGED from [cn.jiguang.sdk:jpush:3.1.6] AndroidManifest.xml:19:5-68
MERGED from [cn.jiguang.sdk:jpush:3.1.6] AndroidManifest.xml:19:5-68
	android:name
		ADDED from src/main/AndroidManifest.xml:12:22-65
uses-permission#android.permission.VIBRATE
ADDED from src/main/AndroidManifest.xml:13:5-66
MERGED from [cn.jiguang.sdk:jpush:3.1.6] AndroidManifest.xml:24:5-66
MERGED from [cn.jiguang.sdk:jpush:3.1.6] AndroidManifest.xml:24:5-66
	android:name
		ADDED from src/main/AndroidManifest.xml:13:22-63
uses-permission#android.permission.RECORD_AUDIO
ADDED from src/main/AndroidManifest.xml:14:5-71
	android:name
		ADDED from src/main/AndroidManifest.xml:14:22-68
uses-permission#android.permission.MOUNT_UNMOUNT_FILESYSTEMS
ADDED from src/main/AndroidManifest.xml:15:5-84
MERGED from [cn.jiguang.sdk:jpush:3.1.6] AndroidManifest.xml:25:5-84
MERGED from [cn.jiguang.sdk:jpush:3.1.6] AndroidManifest.xml:25:5-84
	android:name
		ADDED from src/main/AndroidManifest.xml:15:22-81
uses-permission#android.permission.ACCESS_FINE_LOCATION
ADDED from src/main/AndroidManifest.xml:16:5-79
MERGED from [cn.jiguang.sdk:jpush:3.1.6] AndroidManifest.xml:33:5-79
MERGED from [cn.jiguang.sdk:jpush:3.1.6] AndroidManifest.xml:33:5-79
	android:name
		ADDED from src/main/AndroidManifest.xml:16:22-76
uses-permission#android.permission.GET_TASKS
ADDED from src/main/AndroidManifest.xml:17:5-68
	android:name
		ADDED from src/main/AndroidManifest.xml:17:22-65
uses-permission#android.permission.ACCESS_WIFI_STATE
ADDED from src/main/AndroidManifest.xml:18:5-76
MERGED from [cn.jiguang.sdk:jpush:3.1.6] AndroidManifest.xml:27:5-76
MERGED from [cn.jiguang.sdk:jpush:3.1.6] AndroidManifest.xml:27:5-76
	android:name
		ADDED from src/main/AndroidManifest.xml:18:22-73
uses-permission#android.permission.CHANGE_WIFI_STATE
ADDED from src/main/AndroidManifest.xml:19:5-76
MERGED from [cn.jiguang.sdk:jpush:3.1.6] AndroidManifest.xml:32:5-76
MERGED from [cn.jiguang.sdk:jpush:3.1.6] AndroidManifest.xml:32:5-76
	android:name
		ADDED from src/main/AndroidManifest.xml:19:22-73
uses-permission#android.permission.MODIFY_AUDIO_SETTINGS
ADDED from src/main/AndroidManifest.xml:20:5-80
	android:name
		ADDED from src/main/AndroidManifest.xml:20:22-77
uses-permission#android.permission.READ_PHONE_STATE
ADDED from src/main/AndroidManifest.xml:21:5-75
MERGED from [cn.jiguang.sdk:jpush:3.1.6] AndroidManifest.xml:20:5-75
MERGED from [cn.jiguang.sdk:jpush:3.1.6] AndroidManifest.xml:20:5-75
	android:name
		ADDED from src/main/AndroidManifest.xml:21:22-72
application
ADDED from src/main/AndroidManifest.xml:23:5-302:19
MERGED from [com.android.support:appcompat-v7:24.2.1] AndroidManifest.xml:25:5-20
MERGED from [com.android.support:appcompat-v7:24.2.1] AndroidManifest.xml:25:5-20
MERGED from [com.android.support:support-v4:24.2.1] AndroidManifest.xml:25:5-20
MERGED from [com.android.support:support-v4:24.2.1] AndroidManifest.xml:25:5-20
MERGED from [cn.jiguang.sdk:jpush:3.1.6] AndroidManifest.xml:37:5-132:19
MERGED from [cn.jiguang.sdk:jpush:3.1.6] AndroidManifest.xml:37:5-132:19
MERGED from [cn.jiguang.sdk:jcore:1.2.5] AndroidManifest.xml:11:5-12:19
MERGED from [cn.jiguang.sdk:jcore:1.2.5] AndroidManifest.xml:11:5-12:19
MERGED from [com.android.support:animated-vector-drawable:24.2.1] AndroidManifest.xml:22:5-20
MERGED from [com.android.support:animated-vector-drawable:24.2.1] AndroidManifest.xml:22:5-20
MERGED from [com.android.support:support-vector-drawable:24.2.1] AndroidManifest.xml:23:5-20
MERGED from [com.android.support:support-vector-drawable:24.2.1] AndroidManifest.xml:23:5-20
MERGED from [com.android.support:support-fragment:24.2.1] AndroidManifest.xml:25:5-20
MERGED from [com.android.support:support-fragment:24.2.1] AndroidManifest.xml:25:5-20
MERGED from [com.android.support:support-media-compat:24.2.1] AndroidManifest.xml:25:5-20
MERGED from [com.android.support:support-media-compat:24.2.1] AndroidManifest.xml:25:5-20
MERGED from [com.android.support:support-core-utils:24.2.1] AndroidManifest.xml:25:5-20
MERGED from [com.android.support:support-core-utils:24.2.1] AndroidManifest.xml:25:5-20
MERGED from [com.android.support:support-core-ui:24.2.1] AndroidManifest.xml:25:5-20
MERGED from [com.android.support:support-core-ui:24.2.1] AndroidManifest.xml:25:5-20
MERGED from [com.android.support:support-compat:24.2.1] AndroidManifest.xml:25:5-20
MERGED from [com.android.support:support-compat:24.2.1] AndroidManifest.xml:25:5-20
	android:supportsRtl
		ADDED from src/main/AndroidManifest.xml:31:9-35
	android:label
		ADDED from src/main/AndroidManifest.xml:28:9-41
	android:soundEffectsEnabled
		ADDED from src/main/AndroidManifest.xml:30:9-44
	android:hardwareAccelerated
		ADDED from src/main/AndroidManifest.xml:26:9-43
	android:persistent
		ADDED from src/main/AndroidManifest.xml:29:9-34
	android:icon
		ADDED from src/main/AndroidManifest.xml:27:9-43
	android:allowBackup
		ADDED from src/main/AndroidManifest.xml:25:9-35
	android:theme
		ADDED from src/main/AndroidManifest.xml:32:9-40
	android:name
		ADDED from src/main/AndroidManifest.xml:24:9-45
meta-data#UMENG_APPKEY
ADDED from src/main/AndroidManifest.xml:33:9-35:56
	android:value
		ADDED from src/main/AndroidManifest.xml:35:13-53
	android:name
		ADDED from src/main/AndroidManifest.xml:34:13-40
activity#com.yingshixiezuovip.yingshi.MainActivity
ADDED from src/main/AndroidManifest.xml:37:9-52:20
	android:configChanges
		ADDED from src/main/AndroidManifest.xml:40:13-74
	android:alwaysRetainTaskState
		ADDED from src/main/AndroidManifest.xml:39:13-49
	android:theme
		ADDED from src/main/AndroidManifest.xml:41:13-44
	android:name
		ADDED from src/main/AndroidManifest.xml:38:13-41
intent-filter#android.intent.action.VIEW+android.intent.category.BROWSABLE+android.intent.category.DEFAULT
ADDED from src/main/AndroidManifest.xml:42:13-51:29
action#android.intent.action.VIEW
ADDED from src/main/AndroidManifest.xml:43:17-69
	android:name
		ADDED from src/main/AndroidManifest.xml:43:25-66
category#android.intent.category.DEFAULT
ADDED from src/main/AndroidManifest.xml:45:17-76
	android:name
		ADDED from src/main/AndroidManifest.xml:45:27-73
category#android.intent.category.BROWSABLE
ADDED from src/main/AndroidManifest.xml:46:17-78
	android:name
		ADDED from src/main/AndroidManifest.xml:46:27-75
data
ADDED from src/main/AndroidManifest.xml:48:17-50:50
	android:host
		ADDED from src/main/AndroidManifest.xml:49:21-45
	android:scheme
		ADDED from src/main/AndroidManifest.xml:50:21-47
activity#com.yingshixiezuovip.yingshi.StartupActivity
ADDED from src/main/AndroidManifest.xml:53:9-62:20
	android:configChanges
		ADDED from src/main/AndroidManifest.xml:55:13-74
	android:theme
		ADDED from src/main/AndroidManifest.xml:56:13-44
	android:name
		ADDED from src/main/AndroidManifest.xml:54:13-44
intent-filter#android.intent.action.MAIN+android.intent.category.LAUNCHER
ADDED from src/main/AndroidManifest.xml:57:13-61:29
action#android.intent.action.MAIN
ADDED from src/main/AndroidManifest.xml:58:17-69
	android:name
		ADDED from src/main/AndroidManifest.xml:58:25-66
category#android.intent.category.LAUNCHER
ADDED from src/main/AndroidManifest.xml:60:17-77
	android:name
		ADDED from src/main/AndroidManifest.xml:60:27-74
activity#com.yingshixiezuovip.yingshi.StartupLoginActivity
ADDED from src/main/AndroidManifest.xml:63:9-65:77
	android:configChanges
		ADDED from src/main/AndroidManifest.xml:65:13-74
	android:name
		ADDED from src/main/AndroidManifest.xml:64:13-49
activity#com.yingshixiezuovip.yingshi.StartupLoginAccountActivity
ADDED from src/main/AndroidManifest.xml:66:9-69:76
	android:label
		ADDED from src/main/AndroidManifest.xml:69:13-73
	android:configChanges
		ADDED from src/main/AndroidManifest.xml:68:13-74
	android:name
		ADDED from src/main/AndroidManifest.xml:67:13-56
activity#com.yingshixiezuovip.yingshi.WebViewActivity
ADDED from src/main/AndroidManifest.xml:70:9-72:76
	android:label
		ADDED from src/main/AndroidManifest.xml:72:13-73
	android:name
		ADDED from src/main/AndroidManifest.xml:71:13-44
activity#com.yingshixiezuovip.yingshi.StartupFindpwActivity
ADDED from src/main/AndroidManifest.xml:73:9-59
	android:name
		ADDED from src/main/AndroidManifest.xml:73:19-56
activity#com.yingshixiezuovip.yingshi.MainInviteActivity
ADDED from src/main/AndroidManifest.xml:74:9-77:66
	android:label
		ADDED from src/main/AndroidManifest.xml:77:13-63
	android:configChanges
		ADDED from src/main/AndroidManifest.xml:76:13-74
	android:name
		ADDED from src/main/AndroidManifest.xml:75:13-47
activity#com.yingshixiezuovip.yingshi.MainSearchHistoryActivity
ADDED from src/main/AndroidManifest.xml:78:9-81:66
	android:label
		ADDED from src/main/AndroidManifest.xml:81:13-63
	android:configChanges
		ADDED from src/main/AndroidManifest.xml:80:13-74
	android:name
		ADDED from src/main/AndroidManifest.xml:79:13-54
activity#com.yingshixiezuovip.yingshi.MainPublishActivity
ADDED from src/main/AndroidManifest.xml:82:9-85:72
	android:windowSoftInputMode
		ADDED from src/main/AndroidManifest.xml:85:13-69
	android:configChanges
		ADDED from src/main/AndroidManifest.xml:84:13-74
	android:name
		ADDED from src/main/AndroidManifest.xml:83:13-48
activity#com.yingshixiezuovip.yingshi.MainSettingsActivity
ADDED from src/main/AndroidManifest.xml:86:9-89:68
	android:label
		ADDED from src/main/AndroidManifest.xml:89:13-65
	android:configChanges
		ADDED from src/main/AndroidManifest.xml:88:13-74
	android:name
		ADDED from src/main/AndroidManifest.xml:87:13-49
activity#com.yingshixiezuovip.yingshi.MainCommentActivity
ADDED from src/main/AndroidManifest.xml:90:9-93:68
	android:label
		ADDED from src/main/AndroidManifest.xml:93:13-65
	android:configChanges
		ADDED from src/main/AndroidManifest.xml:92:13-74
	android:name
		ADDED from src/main/AndroidManifest.xml:91:13-48
activity#com.yingshixiezuovip.yingshi.WBShareActivity
ADDED from src/main/AndroidManifest.xml:94:9-103:20
	android:screenOrientation
		ADDED from src/main/AndroidManifest.xml:97:13-49
	android:configChanges
		ADDED from src/main/AndroidManifest.xml:96:13-74
	android:name
		ADDED from src/main/AndroidManifest.xml:95:13-44
intent-filter#android.intent.category.DEFAULT+com.sina.weibo.sdk.action.ACTION_SDK_REQ_ACTIVITY
ADDED from src/main/AndroidManifest.xml:98:13-102:29
action#com.sina.weibo.sdk.action.ACTION_SDK_REQ_ACTIVITY
ADDED from src/main/AndroidManifest.xml:99:17-92
	android:name
		ADDED from src/main/AndroidManifest.xml:99:25-89
activity#com.yingshixiezuovip.yingshi.wxapi.WXEntryActivity
ADDED from src/main/AndroidManifest.xml:104:9-109:75
	android:screenOrientation
		ADDED from src/main/AndroidManifest.xml:108:13-49
	android:exported
		ADDED from src/main/AndroidManifest.xml:107:13-36
	android:configChanges
		ADDED from src/main/AndroidManifest.xml:106:13-74
	android:theme
		ADDED from src/main/AndroidManifest.xml:109:13-72
	android:name
		ADDED from src/main/AndroidManifest.xml:105:13-50
activity#com.yingshixiezuovip.yingshi.MainDetailsActivity
ADDED from src/main/AndroidManifest.xml:110:9-114:52
	android:screenOrientation
		ADDED from src/main/AndroidManifest.xml:114:13-49
	android:label
		ADDED from src/main/AndroidManifest.xml:113:13-64
	android:configChanges
		ADDED from src/main/AndroidManifest.xml:112:13-74
	android:name
		ADDED from src/main/AndroidManifest.xml:111:13-48
activity#com.yingshixiezuovip.yingshi.MainDetailsBookActivity
ADDED from src/main/AndroidManifest.xml:115:9-118:72
	android:label
		ADDED from src/main/AndroidManifest.xml:118:13-69
	android:configChanges
		ADDED from src/main/AndroidManifest.xml:117:13-74
	android:name
		ADDED from src/main/AndroidManifest.xml:116:13-52
activity#com.yingshixiezuovip.yingshi.UserInfoActivity
ADDED from src/main/AndroidManifest.xml:119:9-122:64
	android:label
		ADDED from src/main/AndroidManifest.xml:122:13-61
	android:configChanges
		ADDED from src/main/AndroidManifest.xml:121:13-74
	android:name
		ADDED from src/main/AndroidManifest.xml:120:13-45
activity#com.yingshixiezuovip.yingshi.MainCommonActivity
ADDED from src/main/AndroidManifest.xml:123:9-125:77
	android:configChanges
		ADDED from src/main/AndroidManifest.xml:125:13-74
	android:name
		ADDED from src/main/AndroidManifest.xml:124:13-47
activity#com.yingshixiezuovip.yingshi.MainInsuranceActivity
ADDED from src/main/AndroidManifest.xml:126:9-129:69
	android:label
		ADDED from src/main/AndroidManifest.xml:129:13-66
	android:configChanges
		ADDED from src/main/AndroidManifest.xml:128:13-74
	android:name
		ADDED from src/main/AndroidManifest.xml:127:13-50
activity#com.yingshixiezuovip.yingshi.MainInsuranceDetailsActivity
ADDED from src/main/AndroidManifest.xml:130:9-133:77
	android:label
		ADDED from src/main/AndroidManifest.xml:133:13-74
	android:configChanges
		ADDED from src/main/AndroidManifest.xml:132:13-74
	android:name
		ADDED from src/main/AndroidManifest.xml:131:13-57
activity#com.yingshixiezuovip.yingshi.quote.media.activities.MediaPickerActivity
ADDED from src/main/AndroidManifest.xml:134:9-138:47
	android:screenOrientation
		ADDED from src/main/AndroidManifest.xml:137:13-49
	android:configChanges
		ADDED from src/main/AndroidManifest.xml:136:13-74
	android:theme
		ADDED from src/main/AndroidManifest.xml:138:13-44
	android:name
		ADDED from src/main/AndroidManifest.xml:135:13-71
activity#com.yingshixiezuovip.yingshi.MainAboutActivity
ADDED from src/main/AndroidManifest.xml:139:9-142:65
	android:label
		ADDED from src/main/AndroidManifest.xml:142:13-62
	android:configChanges
		ADDED from src/main/AndroidManifest.xml:141:13-74
	android:name
		ADDED from src/main/AndroidManifest.xml:140:13-46
activity#com.yingshixiezuovip.yingshi.OrderDetailsActivity
ADDED from src/main/AndroidManifest.xml:143:9-146:68
	android:label
		ADDED from src/main/AndroidManifest.xml:146:13-65
	android:configChanges
		ADDED from src/main/AndroidManifest.xml:145:13-74
	android:name
		ADDED from src/main/AndroidManifest.xml:144:13-49
activity#com.yingshixiezuovip.yingshi.MainPublishPreviewActivity
ADDED from src/main/AndroidManifest.xml:147:9-150:75
	android:label
		ADDED from src/main/AndroidManifest.xml:150:13-72
	android:configChanges
		ADDED from src/main/AndroidManifest.xml:149:13-74
	android:name
		ADDED from src/main/AndroidManifest.xml:148:13-55
activity#com.yingshixiezuovip.yingshi.MainSearchActivity
ADDED from src/main/AndroidManifest.xml:151:9-154:66
	android:label
		ADDED from src/main/AndroidManifest.xml:154:13-63
	android:configChanges
		ADDED from src/main/AndroidManifest.xml:153:13-74
	android:name
		ADDED from src/main/AndroidManifest.xml:152:13-47
activity#com.yingshixiezuovip.yingshi.MainDetailsChangeActivity
ADDED from src/main/AndroidManifest.xml:155:9-158:74
	android:label
		ADDED from src/main/AndroidManifest.xml:158:13-71
	android:configChanges
		ADDED from src/main/AndroidManifest.xml:157:13-74
	android:name
		ADDED from src/main/AndroidManifest.xml:156:13-54
activity#com.yingshixiezuovip.yingshi.MainDetailsChangePriceActivity
ADDED from src/main/AndroidManifest.xml:159:9-161:77
	android:configChanges
		ADDED from src/main/AndroidManifest.xml:161:13-74
	android:name
		ADDED from src/main/AndroidManifest.xml:160:13-59
activity#com.yingshixiezuovip.yingshi.UserInfoSettingsActivity
ADDED from src/main/AndroidManifest.xml:162:9-164:77
	android:configChanges
		ADDED from src/main/AndroidManifest.xml:164:13-74
	android:name
		ADDED from src/main/AndroidManifest.xml:163:13-53
activity#com.yingshixiezuovip.yingshi.MainAuthenticationActivity
ADDED from src/main/AndroidManifest.xml:165:9-168:74
	android:label
		ADDED from src/main/AndroidManifest.xml:168:13-71
	android:configChanges
		ADDED from src/main/AndroidManifest.xml:167:13-74
	android:name
		ADDED from src/main/AndroidManifest.xml:166:13-55
activity#com.yingshixiezuovip.yingshi.MainAuthenticationInfoActivity
ADDED from src/main/AndroidManifest.xml:169:9-172:79
	android:label
		ADDED from src/main/AndroidManifest.xml:172:13-76
	android:configChanges
		ADDED from src/main/AndroidManifest.xml:171:13-74
	android:name
		ADDED from src/main/AndroidManifest.xml:170:13-59
activity#com.yingshixiezuovip.yingshi.MainAuthenticationMoneyActivity
ADDED from src/main/AndroidManifest.xml:173:9-177:47
	android:label
		ADDED from src/main/AndroidManifest.xml:176:13-77
	android:configChanges
		ADDED from src/main/AndroidManifest.xml:175:13-74
	android:theme
		ADDED from src/main/AndroidManifest.xml:177:13-44
	android:name
		ADDED from src/main/AndroidManifest.xml:174:13-60
activity#com.yingshixiezuovip.yingshi.wxapi.WXPayEntryActivity
ADDED from src/main/AndroidManifest.xml:178:9-182:46
	android:launchMode
		ADDED from src/main/AndroidManifest.xml:182:13-43
	android:exported
		ADDED from src/main/AndroidManifest.xml:181:13-36
	android:configChanges
		ADDED from src/main/AndroidManifest.xml:180:13-74
	android:name
		ADDED from src/main/AndroidManifest.xml:179:13-53
activity#com.alipay.sdk.app.H5PayActivity
ADDED from src/main/AndroidManifest.xml:183:9-187:50
	android:screenOrientation
		ADDED from src/main/AndroidManifest.xml:187:13-47
	android:exported
		ADDED from src/main/AndroidManifest.xml:186:13-37
	android:configChanges
		ADDED from src/main/AndroidManifest.xml:185:13-74
	android:name
		ADDED from src/main/AndroidManifest.xml:184:13-60
activity#com.alipay.sdk.auth.AuthActivity
ADDED from src/main/AndroidManifest.xml:188:9-192:50
	android:screenOrientation
		ADDED from src/main/AndroidManifest.xml:192:13-47
	android:exported
		ADDED from src/main/AndroidManifest.xml:191:13-37
	android:configChanges
		ADDED from src/main/AndroidManifest.xml:190:13-74
	android:name
		ADDED from src/main/AndroidManifest.xml:189:13-60
activity#com.yingshixiezuovip.yingshi.MainChatListActivity
ADDED from src/main/AndroidManifest.xml:193:9-195:77
	android:configChanges
		ADDED from src/main/AndroidManifest.xml:195:13-74
	android:name
		ADDED from src/main/AndroidManifest.xml:194:13-49
activity#com.yingshixiezuovip.yingshi.MainChatListDetailsActivity
ADDED from src/main/AndroidManifest.xml:196:9-199:69
	android:label
		ADDED from src/main/AndroidManifest.xml:199:13-66
	android:configChanges
		ADDED from src/main/AndroidManifest.xml:198:13-74
	android:name
		ADDED from src/main/AndroidManifest.xml:197:13-56
meta-data#EASEMOB_APPKEY
ADDED from src/main/AndroidManifest.xml:201:9-204:58
	android:configChanges
		ADDED from src/main/AndroidManifest.xml:203:13-74
	android:value
		ADDED from src/main/AndroidManifest.xml:204:13-55
	android:name
		ADDED from src/main/AndroidManifest.xml:202:13-42
service#com.hyphenate.chat.EMChatService
ADDED from src/main/AndroidManifest.xml:206:9-209:39
	android:exported
		ADDED from src/main/AndroidManifest.xml:209:13-36
	android:configChanges
		ADDED from src/main/AndroidManifest.xml:208:13-74
	android:name
		ADDED from src/main/AndroidManifest.xml:207:13-60
service#com.hyphenate.chat.EMJobService
ADDED from src/main/AndroidManifest.xml:210:9-213:72
	android:exported
		ADDED from src/main/AndroidManifest.xml:212:13-36
	android:permission
		ADDED from src/main/AndroidManifest.xml:213:13-69
	android:name
		ADDED from src/main/AndroidManifest.xml:211:13-59
receiver#com.hyphenate.chat.EMMonitorReceiver
ADDED from src/main/AndroidManifest.xml:215:9-226:20
	android:name
		ADDED from src/main/AndroidManifest.xml:215:19-70
intent-filter#android.intent.action.PACKAGE_REMOVED
ADDED from src/main/AndroidManifest.xml:216:13-220:29
action#android.intent.action.PACKAGE_REMOVED
ADDED from src/main/AndroidManifest.xml:217:17-80
	android:name
		ADDED from src/main/AndroidManifest.xml:217:25-77
intent-filter#android.intent.action.BOOT_COMPLETED+android.intent.action.USER_PRESENT
ADDED from src/main/AndroidManifest.xml:222:13-225:29
action#android.intent.action.BOOT_COMPLETED
ADDED from src/main/AndroidManifest.xml:223:17-79
	android:name
		ADDED from src/main/AndroidManifest.xml:223:25-76
action#android.intent.action.USER_PRESENT
ADDED from src/main/AndroidManifest.xml:224:17-77
	android:name
		ADDED from src/main/AndroidManifest.xml:224:25-74
activity#com.yingshixiezuovip.yingshi.OrderDetailsResetDateActivity
ADDED from src/main/AndroidManifest.xml:228:9-231:79
	android:label
		ADDED from src/main/AndroidManifest.xml:231:13-76
	android:configChanges
		ADDED from src/main/AndroidManifest.xml:230:13-74
	android:name
		ADDED from src/main/AndroidManifest.xml:229:13-58
activity#com.yingshixiezuovip.yingshi.OrderDetailsResetPriceActivity
ADDED from src/main/AndroidManifest.xml:232:9-235:80
	android:label
		ADDED from src/main/AndroidManifest.xml:235:13-77
	android:configChanges
		ADDED from src/main/AndroidManifest.xml:234:13-74
	android:name
		ADDED from src/main/AndroidManifest.xml:233:13-59
activity#com.yingshixiezuovip.yingshi.MainDetailsCommentActivity
ADDED from src/main/AndroidManifest.xml:236:9-64
	android:name
		ADDED from src/main/AndroidManifest.xml:236:19-61
activity#com.yingshixiezuovip.yingshi.UserBindPhoneActivity
ADDED from src/main/AndroidManifest.xml:237:9-59
	android:name
		ADDED from src/main/AndroidManifest.xml:237:19-56
activity#com.yingshixiezuovip.yingshi.UserAuthenticationSelectActivity
ADDED from src/main/AndroidManifest.xml:238:9-240:81
	android:label
		ADDED from src/main/AndroidManifest.xml:240:13-78
	android:name
		ADDED from src/main/AndroidManifest.xml:239:13-61
activity#com.yingshixiezuovip.yingshi.MainAuthenticationCompanyActivity
ADDED from src/main/AndroidManifest.xml:241:9-243:81
	android:label
		ADDED from src/main/AndroidManifest.xml:243:13-78
	android:name
		ADDED from src/main/AndroidManifest.xml:242:13-62
activity#com.yingshixiezuovip.yingshi.MainFeedbackActivity
ADDED from src/main/AndroidManifest.xml:244:9-246:63
	android:label
		ADDED from src/main/AndroidManifest.xml:246:13-60
	android:name
		ADDED from src/main/AndroidManifest.xml:245:13-49
activity#com.yingshixiezuovip.yingshi.MainCompanyInfoSetActivity
ADDED from src/main/AndroidManifest.xml:247:9-249:63
	android:label
		ADDED from src/main/AndroidManifest.xml:249:13-60
	android:name
		ADDED from src/main/AndroidManifest.xml:248:13-55
service#cn.jpush.android.service.PushService
ADDED from src/main/AndroidManifest.xml:251:9-254:36
REJECTED from [cn.jiguang.sdk:jpush:3.1.6] AndroidManifest.xml:60:9-71:19
	tools:node
		ADDED from src/main/AndroidManifest.xml:254:13-33
	android:process
		ADDED from src/main/AndroidManifest.xml:253:13-44
	android:name
		ADDED from src/main/AndroidManifest.xml:252:13-64
receiver#com.yingshixiezuovip.yingshi.push.PushReciver
ADDED from src/main/AndroidManifest.xml:256:9-268:20
	android:enabled
		ADDED from src/main/AndroidManifest.xml:258:13-35
	android:exported
		ADDED from src/main/AndroidManifest.xml:259:13-37
	android:name
		ADDED from src/main/AndroidManifest.xml:257:13-45
intent-filter#cn.jpush.android.intent.CONNECTION+cn.jpush.android.intent.MESSAGE_RECEIVED+cn.jpush.android.intent.NOTIFICATION_OPENED+cn.jpush.android.intent.NOTIFICATION_RECEIVED+cn.jpush.android.intent.REGISTRATION+com.yingshixiezuovip.yingshi
ADDED from src/main/AndroidManifest.xml:260:13-267:29
action#cn.jpush.android.intent.REGISTRATION
ADDED from src/main/AndroidManifest.xml:261:17-79
	android:name
		ADDED from src/main/AndroidManifest.xml:261:25-76
action#cn.jpush.android.intent.MESSAGE_RECEIVED
ADDED from src/main/AndroidManifest.xml:262:17-83
	android:name
		ADDED from src/main/AndroidManifest.xml:262:25-80
action#cn.jpush.android.intent.NOTIFICATION_RECEIVED
ADDED from src/main/AndroidManifest.xml:263:17-88
	android:name
		ADDED from src/main/AndroidManifest.xml:263:25-85
action#cn.jpush.android.intent.NOTIFICATION_OPENED
ADDED from src/main/AndroidManifest.xml:264:17-86
	android:name
		ADDED from src/main/AndroidManifest.xml:264:25-83
action#cn.jpush.android.intent.CONNECTION
ADDED from src/main/AndroidManifest.xml:265:17-77
	android:name
		ADDED from src/main/AndroidManifest.xml:265:25-74
activity#com.yingshixiezuovip.yingshi.NoticeMangerActivity
ADDED from src/main/AndroidManifest.xml:270:9-274:57
	android:label
		ADDED from src/main/AndroidManifest.xml:272:13-60
	android:launchMode
		ADDED from src/main/AndroidManifest.xml:273:13-44
	android:theme
		ADDED from src/main/AndroidManifest.xml:274:13-54
	android:name
		ADDED from src/main/AndroidManifest.xml:271:13-49
activity#com.yingshixiezuovip.yingshi.MainCompanyCoverActivity
ADDED from src/main/AndroidManifest.xml:275:9-62
	android:name
		ADDED from src/main/AndroidManifest.xml:275:19-59
activity#com.yingshixiezuovip.yingshi.MainCompanyBaseInfoActivity
ADDED from src/main/AndroidManifest.xml:276:9-278:77
	android:label
		ADDED from src/main/AndroidManifest.xml:278:13-74
	android:name
		ADDED from src/main/AndroidManifest.xml:277:13-56
activity#com.yingshixiezuovip.yingshi.MainCompanyResumeActivity
ADDED from src/main/AndroidManifest.xml:279:9-281:74
	android:label
		ADDED from src/main/AndroidManifest.xml:281:13-71
	android:name
		ADDED from src/main/AndroidManifest.xml:280:13-54
activity#com.yingshixiezuovip.yingshi.MainCompanyResumeEditActivity
ADDED from src/main/AndroidManifest.xml:282:9-284:74
	android:label
		ADDED from src/main/AndroidManifest.xml:284:13-71
	android:name
		ADDED from src/main/AndroidManifest.xml:283:13-58
activity#com.yingshixiezuovip.yingshi.MainCompanyGraduationActivity
ADDED from src/main/AndroidManifest.xml:285:9-287:78
	android:label
		ADDED from src/main/AndroidManifest.xml:287:13-75
	android:name
		ADDED from src/main/AndroidManifest.xml:286:13-58
activity#com.yingshixiezuovip.yingshi.MainCompanyCustomUrlActivity
ADDED from src/main/AndroidManifest.xml:288:9-290:78
	android:label
		ADDED from src/main/AndroidManifest.xml:290:13-75
	android:name
		ADDED from src/main/AndroidManifest.xml:289:13-57
activity#com.yingshixiezuovip.yingshi.UserInfo2Activity
ADDED from src/main/AndroidManifest.xml:291:9-295:52
	android:screenOrientation
		ADDED from src/main/AndroidManifest.xml:295:13-49
	android:label
		ADDED from src/main/AndroidManifest.xml:294:13-64
	android:configChanges
		ADDED from src/main/AndroidManifest.xml:293:13-74
	android:name